TN:
SF:src/index.ts
FN:13,(anonymous_0)
FNF:1
FNH:0
FNDA:0,(anonymous_0)
DA:5,0
DA:13,0
DA:17,0
DA:18,0
DA:20,0
DA:21,0
DA:22,0
DA:25,0
DA:27,0
DA:28,0
DA:32,0
DA:33,0
LF:12
LH:0
BRDA:20,0,0,0
BRDA:20,1,0,0
BRDA:20,1,1,0
BRDA:32,2,0,0
BRDA:32,2,1,0
BRF:5
BRH:0
end_of_record
TN:
SF:src/analytics/baseTracker/baseTracker.ts
FN:11,(anonymous_0)
FN:22,(anonymous_2)
FN:44,(anonymous_3)
FN:54,(anonymous_4)
FN:63,(anonymous_5)
FN:69,(anonymous_6)
FN:77,(anonymous_7)
FNF:7
FNH:6
FNDA:96,(anonymous_0)
FNDA:203,(anonymous_2)
FNDA:2,(anonymous_3)
FNDA:2,(anonymous_4)
FNDA:0,(anonymous_5)
FNDA:204,(anonymous_6)
FNDA:1013,(anonymous_7)
DA:11,7
DA:12,89
DA:13,89
DA:22,7
DA:28,203
DA:29,203
DA:30,203
DA:31,203
DA:32,203
DA:34,0
DA:35,0
DA:44,7
DA:45,2
DA:46,2
DA:54,7
DA:55,2
DA:63,7
DA:64,0
DA:69,7
DA:70,204
DA:71,1
DA:73,203
DA:74,203
DA:77,7
DA:78,1013
DA:79,1
DA:82,1012
DA:83,1012
DA:84,1012
DA:85,1012
DA:86,1012
DA:88,7
LF:32
LH:29
BRDA:29,0,0,203
BRDA:29,0,1,5
BRDA:45,1,0,0
BRDA:45,1,1,2
BRDA:45,2,0,2
BRDA:45,2,1,2
BRDA:46,3,0,2
BRDA:46,3,1,1
BRDA:46,4,0,0
BRDA:46,4,1,2
BRDA:46,5,0,2
BRDA:46,5,1,2
BRDA:55,6,0,2
BRDA:55,6,1,0
BRDA:55,7,0,0
BRDA:55,7,1,2
BRDA:55,8,0,2
BRDA:55,8,1,2
BRDA:64,9,0,0
BRDA:64,9,1,0
BRDA:65,10,0,0
BRDA:65,10,1,0
BRDA:65,11,0,0
BRDA:65,11,1,0
BRDA:70,12,0,1
BRDA:78,13,0,1
BRDA:86,14,0,203
BRDA:86,14,1,809
BRF:28
BRH:18
end_of_record
TN:
SF:src/analytics/core/core.ts
FN:7,(anonymous_0)
FN:20,Analytics
FN:43,(anonymous_2)
FNF:3
FNH:3
FNDA:1,(anonymous_0)
FNDA:5,Analytics
FNDA:1,(anonymous_2)
DA:1,1
DA:2,1
DA:3,1
DA:4,1
DA:7,1
DA:20,8
DA:21,5
DA:23,5
DA:25,5
DA:29,5
DA:30,3
DA:31,3
DA:32,3
DA:33,0
DA:43,1
DA:44,1
DA:45,0
DA:48,1
DA:49,1
DA:50,1
DA:52,1
DA:53,1
DA:54,1
DA:55,1
DA:57,0
DA:58,0
DA:61,1
LF:27
LH:23
BRDA:20,0,0,3
BRDA:29,1,0,3
BRDA:32,2,0,0
BRDA:44,3,0,0
BRF:4
BRH:2
end_of_record
TN:
SF:src/analytics/formChangeTracker/formChangeTracker.ts
FN:5,(anonymous_6)
FN:9,FormChangeTracker
FN:18,(anonymous_8)
FN:58,(anonymous_9)
FNF:4
FNH:4
FNDA:2,(anonymous_6)
FNDA:3,FormChangeTracker
FNDA:2,(anonymous_8)
FNDA:1,(anonymous_9)
DA:1,2
DA:2,2
DA:5,2
DA:6,3
DA:7,3
DA:10,3
DA:18,2
DA:19,2
DA:20,1
DA:23,1
DA:25,1
DA:26,0
DA:29,1
DA:30,1
DA:49,1
DA:50,1
DA:51,1
DA:53,0
DA:54,0
DA:58,2
DA:59,1
DA:60,1
DA:62,2
LF:23
LH:20
BRDA:10,0,0,3
BRDA:10,0,1,0
BRDA:19,1,0,1
BRDA:25,2,0,0
BRDA:60,3,0,1
BRDA:60,3,1,0
BRDA:60,4,0,1
BRDA:60,4,1,1
BRDA:60,5,0,0
BRDA:60,5,1,1
BRDA:60,6,0,1
BRDA:60,6,1,1
BRDA:60,7,0,0
BRDA:60,7,1,1
BRDA:60,8,0,1
BRDA:60,8,1,1
BRF:16
BRH:11
end_of_record
TN:
SF:src/analytics/formErrorTracker/formErrorTracker.ts
FN:8,(anonymous_6)
FN:12,FormErrorTracker
FN:21,(anonymous_8)
FN:83,(anonymous_9)
FN:110,(anonymous_10)
FN:114,(anonymous_11)
FNF:6
FNH:6
FNDA:2,(anonymous_6)
FNDA:7,FormErrorTracker
FNDA:3,(anonymous_8)
FNDA:10,(anonymous_9)
FNDA:3,(anonymous_10)
FNDA:12,(anonymous_11)
DA:1,2
DA:2,2
DA:8,2
DA:9,7
DA:10,7
DA:13,7
DA:21,2
DA:22,3
DA:23,1
DA:26,2
DA:28,2
DA:29,0
DA:32,2
DA:33,2
DA:34,2
DA:36,0
DA:39,2
DA:40,0
DA:41,0
DA:44,2
DA:46,2
DA:47,7
DA:48,7
DA:66,7
DA:68,2
DA:70,0
DA:71,0
DA:83,2
DA:84,10
DA:85,10
DA:86,9
DA:89,1
DA:90,1
DA:91,0
DA:92,0
DA:93,0
DA:97,1
DA:110,2
DA:111,3
DA:112,3
DA:114,3
DA:115,12
DA:119,12
DA:120,12
DA:129,3
DA:131,2
LF:46
LH:37
BRDA:13,0,0,7
BRDA:13,0,1,0
BRDA:22,1,0,1
BRDA:28,2,0,0
BRDA:33,3,0,2
BRDA:33,3,1,0
BRDA:33,4,0,0
BRDA:33,4,1,2
BRDA:33,5,0,2
BRDA:33,5,1,2
BRDA:39,6,0,0
BRDA:85,7,0,9
BRDA:85,7,1,1
BRDA:86,8,0,0
BRDA:86,8,1,9
BRDA:86,9,0,9
BRDA:86,9,1,9
BRDA:86,10,0,0
BRDA:86,10,1,9
BRDA:86,11,0,9
BRDA:86,11,1,9
BRDA:90,12,0,0
BRDA:92,13,0,0
BRDA:93,14,0,0
BRDA:93,14,1,0
BRDA:93,15,0,0
BRDA:93,15,1,0
BRDA:93,16,0,0
BRDA:93,16,1,0
BRDA:93,17,0,0
BRDA:93,17,1,0
BRDA:119,18,0,12
BRF:32
BRH:15
end_of_record
TN:
SF:src/analytics/formResponseTracker/formResponseTracker.ts
FN:8,(anonymous_6)
FN:17,FormResponseTracker
FN:26,(anonymous_8)
FN:40,(anonymous_9)
FN:115,(anonymous_10)
FNF:5
FNH:5
FNDA:2,(anonymous_6)
FNDA:12,FormResponseTracker
FNDA:12,(anonymous_8)
FNDA:56,(anonymous_9)
FNDA:191,(anonymous_10)
DA:1,2
DA:2,2
DA:8,2
DA:9,12
DA:10,12
DA:18,12
DA:19,12
DA:26,2
DA:27,12
DA:40,2
DA:41,56
DA:42,9
DA:45,47
DA:47,47
DA:48,0
DA:51,47
DA:53,47
DA:54,47
DA:56,0
DA:59,47
DA:60,0
DA:61,0
DA:65,47
DA:66,9
DA:70,38
DA:71,0
DA:74,38
DA:76,38
DA:78,191
DA:79,191
DA:99,191
DA:102,38
DA:104,0
DA:105,0
DA:115,2
DA:116,191
DA:120,2
LF:37
LH:30
BRDA:18,0,0,12
BRDA:18,0,1,0
BRDA:41,1,0,9
BRDA:47,2,0,0
BRDA:53,3,0,47
BRDA:53,3,1,0
BRDA:53,4,0,0
BRDA:53,4,1,47
BRDA:53,5,0,47
BRDA:53,5,1,47
BRDA:59,6,0,0
BRDA:65,7,0,9
BRDA:70,8,0,0
BRDA:116,9,0,0
BRDA:116,9,1,191
BRDA:116,10,0,191
BRDA:116,10,1,0
BRDA:116,11,0,191
BRDA:116,11,1,191
BRF:19
BRH:11
end_of_record
TN:
SF:src/analytics/formTracker/formTracker.ts
FN:4,(anonymous_6)
FN:9,FormTracker
FN:185,(anonymous_8)
FN:15,(anonymous_9)
FN:23,(anonymous_10)
FN:28,(anonymous_11)
FN:34,(anonymous_12)
FN:49,(anonymous_13)
FN:62,(anonymous_14)
FN:71,(anonymous_15)
FN:85,(anonymous_16)
FN:95,(anonymous_17)
FN:123,(anonymous_18)
FN:141,(anonymous_19)
FN:144,(anonymous_20)
FN:161,(anonymous_21)
FN:206,(anonymous_22)
FN:243,(anonymous_23)
FN:253,(anonymous_24)
FN:268,(anonymous_25)
FN:270,(anonymous_26)
FN:271,(anonymous_27)
FN:272,(anonymous_28)
FN:299,(anonymous_29)
FN:301,(anonymous_30)
FN:306,(anonymous_31)
FN:309,(anonymous_32)
FN:312,(anonymous_33)
FN:315,(anonymous_34)
FNF:29
FNH:29
FNDA:5,(anonymous_6)
FNDA:70,FormTracker
FNDA:61,(anonymous_8)
FNDA:150,(anonymous_9)
FNDA:30,(anonymous_10)
FNDA:26,(anonymous_11)
FNDA:11,(anonymous_12)
FNDA:16,(anonymous_13)
FNDA:36,(anonymous_14)
FNDA:23,(anonymous_15)
FNDA:51,(anonymous_16)
FNDA:49,(anonymous_17)
FNDA:203,(anonymous_18)
FNDA:194,(anonymous_19)
FNDA:194,(anonymous_20)
FNDA:2,(anonymous_21)
FNDA:208,(anonymous_22)
FNDA:43,(anonymous_23)
FNDA:51,(anonymous_24)
FNDA:41,(anonymous_25)
FNDA:194,(anonymous_26)
FNDA:196,(anonymous_27)
FNDA:198,(anonymous_28)
FNDA:2,(anonymous_29)
FNDA:9,(anonymous_30)
FNDA:9,(anonymous_31)
FNDA:6,(anonymous_32)
FNDA:9,(anonymous_33)
FNDA:12,(anonymous_34)
DA:1,5
DA:4,5
DA:5,70
DA:6,70
DA:7,70
DA:10,70
DA:13,70
DA:15,5
DA:16,150
DA:23,5
DA:24,30
DA:25,30
DA:28,5
DA:29,26
DA:30,6
DA:33,20
DA:34,11
DA:37,20
DA:38,8
DA:40,12
DA:49,5
DA:50,16
DA:51,8
DA:54,8
DA:62,5
DA:63,36
DA:71,5
DA:72,23
DA:85,5
DA:86,51
DA:95,5
DA:96,49
DA:97,146
DA:99,146
DA:100,53
DA:103,93
DA:104,21
DA:105,72
DA:106,16
DA:107,56
DA:108,22
DA:110,34
DA:114,49
DA:123,5
DA:124,203
DA:125,29
DA:126,174
DA:127,45
DA:128,129
DA:129,33
DA:131,96
DA:141,5
DA:142,194
DA:143,194
DA:144,194
DA:145,194
DA:150,101
DA:153,194
DA:161,5
DA:163,2
DA:164,2
DA:165,1
DA:167,2
DA:168,2
DA:169,2
DA:170,2
DA:171,2
DA:172,0
DA:176,2
DA:185,70
DA:186,61
DA:187,61
DA:190,61
DA:192,57
DA:193,57
DA:195,55
DA:196,55
DA:198,54
DA:206,5
DA:207,208
DA:208,208
DA:209,208
DA:210,208
DA:211,208
DA:213,208
DA:215,25
DA:216,25
DA:217,24
DA:220,1
DA:223,183
DA:224,58
DA:227,125
DA:228,125
DA:229,73
DA:234,52
DA:243,5
DA:244,43
DA:253,5
DA:254,255
DA:255,255
DA:256,11
DA:259,40
DA:268,5
DA:270,194
DA:271,196
DA:272,198
DA:275,41
DA:276,39
DA:280,2
DA:281,2
DA:282,2
DA:283,2
DA:288,0
DA:291,2
DA:299,5
DA:300,2
DA:301,2
DA:303,9
DA:305,9
DA:306,9
DA:308,3
DA:309,6
DA:311,3
DA:312,9
DA:314,3
DA:315,12
DA:317,3
DA:318,3
DA:324,3
DA:329,0
DA:332,2
DA:334,5
LF:132
LH:129
BRDA:10,0,0,70
BRDA:10,0,1,70
BRDA:190,1,0,4
BRDA:190,2,0,57
BRDA:190,2,1,4
BRDA:190,3,0,61
BRDA:190,3,1,4
BRDA:193,4,0,2
BRDA:193,5,0,55
BRDA:193,5,1,2
BRDA:193,6,0,57
BRDA:193,6,1,2
BRDA:196,7,0,1
BRDA:196,8,0,53
BRDA:196,8,1,2
BRDA:196,9,0,55
BRDA:196,9,1,2
BRDA:17,10,0,150
BRDA:17,10,1,149
BRDA:17,10,2,131
BRDA:25,11,0,30
BRDA:25,11,1,1
BRDA:25,12,0,1
BRDA:25,12,1,29
BRDA:25,13,0,30
BRDA:25,13,1,30
BRDA:25,14,0,1
BRDA:25,14,1,29
BRDA:25,15,0,30
BRDA:25,15,1,29
BRDA:29,16,0,6
BRDA:37,17,0,8
BRDA:37,17,1,12
BRDA:50,18,0,8
BRDA:99,19,0,53
BRDA:103,20,0,21
BRDA:103,20,1,72
BRDA:105,21,0,16
BRDA:105,21,1,56
BRDA:107,22,0,22
BRDA:107,22,1,34
BRDA:124,23,0,29
BRDA:124,23,1,174
BRDA:126,24,0,45
BRDA:126,24,1,129
BRDA:128,25,0,33
BRDA:128,25,1,96
BRDA:143,26,0,0
BRDA:143,26,1,194
BRDA:145,27,0,101
BRDA:146,28,0,194
BRDA:146,28,1,163
BRDA:146,28,2,120
BRDA:164,29,0,1
BRDA:169,30,0,2
BRDA:170,31,0,0
BRDA:170,31,1,2
BRDA:170,32,0,2
BRDA:170,32,1,2
BRDA:170,33,0,0
BRDA:170,33,1,2
BRDA:170,34,0,2
BRDA:170,34,1,2
BRDA:171,35,0,0
BRDA:171,36,0,2
BRDA:171,36,1,0
BRDA:208,37,0,104
BRDA:208,37,1,104
BRDA:208,38,0,208
BRDA:208,38,1,104
BRDA:213,39,0,25
BRDA:213,39,1,183
BRDA:216,40,0,24
BRDA:216,41,0,1
BRDA:216,41,1,24
BRDA:216,42,0,25
BRDA:216,42,1,24
BRDA:223,43,0,58
BRDA:223,43,1,125
BRDA:223,44,0,183
BRDA:223,44,1,159
BRDA:223,44,2,125
BRDA:228,45,0,73
BRDA:228,46,0,52
BRDA:228,46,1,73
BRDA:228,47,0,125
BRDA:228,47,1,73
BRDA:244,48,0,43
BRDA:244,48,1,0
BRDA:244,49,0,43
BRDA:244,49,1,43
BRDA:255,50,0,11
BRDA:275,51,0,39
BRDA:275,52,0,41
BRDA:275,52,1,2
BRDA:275,52,2,2
BRDA:283,53,0,0
BRDA:284,54,0,2
BRDA:284,54,1,2
BRDA:284,54,2,2
BRDA:303,55,0,9
BRDA:303,55,1,0
BRDA:306,56,0,3
BRDA:317,57,0,3
BRDA:317,58,0,3
BRDA:317,58,1,3
BRDA:317,58,2,3
BRF:107
BRH:99
end_of_record
TN:
SF:src/analytics/navigationTracker/navigationTracker.ts
FN:5,(anonymous_6)
FN:8,NavigationTracker
FN:19,(anonymous_8)
FN:29,(anonymous_9)
FN:123,(anonymous_10)
FN:143,(anonymous_11)
FN:164,(anonymous_12)
FN:191,(anonymous_13)
FN:215,(anonymous_14)
FN:226,(anonymous_15)
FN:237,(anonymous_16)
FN:249,(anonymous_17)
FN:260,(anonymous_18)
FN:271,(anonymous_19)
FN:285,(anonymous_20)
FN:298,(anonymous_21)
FN:311,(anonymous_22)
FNF:17
FNH:17
FNDA:2,(anonymous_6)
FNDA:12,NavigationTracker
FNDA:12,(anonymous_8)
FNDA:22,(anonymous_9)
FNDA:13,(anonymous_10)
FNDA:6,(anonymous_11)
FNDA:9,(anonymous_12)
FNDA:9,(anonymous_13)
FNDA:9,(anonymous_14)
FNDA:8,(anonymous_15)
FNDA:14,(anonymous_16)
FNDA:5,(anonymous_17)
FNDA:9,(anonymous_18)
FNDA:8,(anonymous_19)
FNDA:7,(anonymous_20)
FNDA:6,(anonymous_21)
FNDA:5,(anonymous_22)
DA:1,2
DA:3,2
DA:5,2
DA:6,12
DA:9,12
DA:10,12
DA:19,2
DA:20,12
DA:29,2
DA:30,22
DA:31,9
DA:34,13
DA:35,13
DA:42,13
DA:49,0
DA:55,13
DA:56,9
DA:59,4
DA:63,1
DA:66,3
DA:70,1
DA:77,3
DA:83,1
DA:86,3
DA:107,3
DA:108,3
DA:109,3
DA:111,0
DA:112,0
DA:123,2
DA:127,13
DA:132,0
DA:134,13
DA:143,2
DA:144,6
DA:145,6
DA:146,0
DA:149,6
DA:153,5
DA:155,1
DA:164,2
DA:165,9
DA:166,7
DA:167,1
DA:168,6
DA:172,2
DA:173,4
DA:174,1
DA:175,3
DA:176,0
DA:178,3
DA:179,2
DA:180,2
DA:182,0
DA:191,2
DA:193,9
DA:194,0
DA:195,9
DA:196,1
DA:197,8
DA:198,1
DA:199,7
DA:200,1
DA:201,6
DA:202,1
DA:203,5
DA:204,1
DA:206,4
DA:215,2
DA:216,9
DA:217,9
DA:226,2
DA:227,8
DA:228,8
DA:237,2
DA:239,14
DA:240,14
DA:249,2
DA:250,5
DA:251,5
DA:260,2
DA:261,9
DA:262,9
DA:271,2
DA:272,8
DA:273,8
DA:274,8
DA:276,8
DA:285,2
DA:286,7
DA:289,7
DA:298,2
DA:299,6
DA:302,6
DA:311,2
DA:312,5
DA:315,5
DA:317,2
LF:98
LH:90
BRDA:9,0,0,12
BRDA:9,0,1,12
BRDA:30,1,0,9
BRDA:42,2,0,0
BRDA:43,3,0,13
BRDA:43,3,1,8
BRDA:43,3,2,8
BRDA:55,4,0,9
BRDA:55,5,0,13
BRDA:55,5,1,11
BRDA:59,6,0,1
BRDA:60,7,0,4
BRDA:60,7,1,2
BRDA:66,8,0,1
BRDA:67,9,0,3
BRDA:67,9,1,1
BRDA:71,10,0,1
BRDA:71,10,1,0
BRDA:73,11,0,0
BRDA:73,11,1,1
BRDA:73,12,0,1
BRDA:73,12,1,1
BRDA:77,13,0,1
BRDA:78,14,0,3
BRDA:78,14,1,2
BRDA:78,14,2,2
BRDA:78,14,3,2
BRDA:79,15,0,0
BRDA:79,15,1,2
BRDA:79,16,0,2
BRDA:79,16,1,2
BRDA:92,17,0,2
BRDA:92,17,1,1
BRDA:97,18,0,0
BRDA:97,18,1,3
BRDA:127,19,0,0
BRDA:128,20,0,13
BRDA:128,20,1,8
BRDA:128,20,2,0
BRDA:130,21,0,0
BRDA:130,21,1,0
BRDA:130,22,0,0
BRDA:130,22,1,0
BRDA:145,23,0,0
BRDA:149,24,0,5
BRDA:150,25,0,6
BRDA:150,25,1,2
BRDA:165,26,0,7
BRDA:165,26,1,2
BRDA:166,27,0,1
BRDA:166,27,1,6
BRDA:168,28,0,2
BRDA:168,28,1,4
BRDA:169,29,0,6
BRDA:169,29,1,5
BRDA:173,30,0,1
BRDA:173,30,1,3
BRDA:175,31,0,0
BRDA:179,32,0,2
BRDA:193,33,0,0
BRDA:193,33,1,9
BRDA:195,34,0,1
BRDA:195,34,1,8
BRDA:197,35,0,1
BRDA:197,35,1,7
BRDA:199,36,0,1
BRDA:199,36,1,6
BRDA:201,37,0,1
BRDA:201,37,1,5
BRDA:203,38,0,1
BRDA:217,39,0,9
BRDA:217,39,1,8
BRDA:228,40,0,8
BRDA:228,40,1,7
BRDA:240,41,0,14
BRDA:240,41,1,2
BRDA:262,42,0,9
BRDA:262,42,1,0
BRDA:276,43,0,8
BRDA:276,43,1,4
BRDA:276,43,2,1
BRDA:289,44,0,7
BRDA:289,44,1,1
BRDA:302,45,0,6
BRDA:302,45,1,1
BRDA:315,46,0,5
BRDA:315,46,1,1
BRF:87
BRH:72
end_of_record
TN:
SF:src/analytics/pageViewTracker/pageViewTracker.ts
FN:10,(anonymous_6)
FN:13,PageViewTracker
FN:24,(anonymous_8)
FN:86,(anonymous_9)
FN:99,(anonymous_10)
FN:112,(anonymous_11)
FN:125,(anonymous_12)
FNF:7
FNH:2
FNDA:1,(anonymous_6)
FNDA:5,PageViewTracker
FNDA:0,(anonymous_8)
FNDA:0,(anonymous_9)
FNDA:0,(anonymous_10)
FNDA:0,(anonymous_11)
FNDA:0,(anonymous_12)
DA:1,1
DA:6,1
DA:7,1
DA:8,1
DA:10,1
DA:11,5
DA:12,5
DA:13,5
DA:14,5
DA:15,5
DA:24,1
DA:25,0
DA:26,0
DA:29,0
DA:33,0
DA:37,0
DA:38,0
DA:39,0
DA:40,0
DA:41,0
DA:44,0
DA:66,0
DA:67,0
DA:68,0
DA:71,0
DA:72,0
DA:73,0
DA:75,0
DA:76,0
DA:86,1
DA:87,0
DA:88,0
DA:91,0
DA:99,1
DA:100,0
DA:112,1
DA:113,0
DA:125,1
DA:126,0
DA:128,1
LF:40
LH:16
BRDA:13,0,0,0
BRDA:14,1,0,5
BRDA:14,1,1,5
BRDA:15,2,0,5
BRDA:15,2,1,3
BRDA:25,3,0,0
BRDA:29,4,0,0
BRDA:30,5,0,0
BRDA:30,5,1,0
BRDA:38,6,0,0
BRDA:66,7,0,0
BRDA:87,8,0,0
BRDA:91,9,0,0
BRDA:91,9,1,0
BRDA:101,10,0,0
BRDA:101,10,1,0
BRDA:101,11,0,0
BRDA:101,11,1,0
BRDA:101,12,0,0
BRDA:101,12,1,0
BRDA:101,13,0,0
BRDA:101,13,1,0
BRDA:114,14,0,0
BRDA:114,14,1,0
BRDA:114,15,0,0
BRDA:114,15,1,0
BRDA:114,16,0,0
BRDA:114,16,1,0
BRDA:114,17,0,0
BRDA:114,17,1,0
BRF:30
BRH:4
end_of_record
TN:
SF:src/cookie/cookie.ts
FN:1,(anonymous_0)
FN:19,Cookie
FN:27,(anonymous_2)
FN:60,(anonymous_3)
FN:72,(anonymous_4)
FN:83,(anonymous_5)
FN:94,(anonymous_6)
FN:128,(anonymous_7)
FN:147,(anonymous_8)
FN:173,(anonymous_9)
FN:200,(anonymous_10)
FN:214,(anonymous_11)
FNF:12
FNH:12
FNDA:2,(anonymous_0)
FNDA:19,Cookie
FNDA:20,(anonymous_2)
FNDA:3,(anonymous_3)
FNDA:2,(anonymous_4)
FNDA:2,(anonymous_5)
FNDA:9,(anonymous_6)
FNDA:12,(anonymous_7)
FNDA:32,(anonymous_8)
FNDA:10,(anonymous_9)
FNDA:14,(anonymous_10)
FNDA:14,(anonymous_11)
DA:1,2
DA:2,19
DA:3,19
DA:4,19
DA:5,19
DA:6,19
DA:7,19
DA:9,19
DA:11,19
DA:12,19
DA:13,19
DA:16,19
DA:17,19
DA:20,19
DA:21,19
DA:27,2
DA:29,20
DA:30,20
DA:31,9
DA:32,9
DA:35,11
DA:39,11
DA:44,11
DA:45,22
DA:46,0
DA:51,11
DA:60,2
DA:61,3
DA:62,3
DA:63,3
DA:64,3
DA:72,2
DA:73,2
DA:74,2
DA:75,2
DA:83,2
DA:84,2
DA:85,2
DA:94,2
DA:95,9
DA:102,9
DA:103,3
DA:106,9
DA:107,6
DA:108,1
DA:112,6
DA:113,6
DA:115,0
DA:117,6
DA:118,3
DA:119,1
DA:128,2
DA:129,12
DA:131,12
DA:132,0
DA:134,12
DA:137,12
DA:138,12
DA:147,2
DA:148,32
DA:149,32
DA:150,21
DA:151,21
DA:152,21
DA:153,21
DA:154,0
DA:156,21
DA:157,21
DA:161,11
DA:173,2
DA:174,10
DA:175,0
DA:177,10
DA:178,10
DA:179,10
DA:180,10
DA:181,10
DA:189,10
DA:190,0
DA:192,10
DA:200,2
DA:201,14
DA:202,12
DA:204,14
DA:205,0
DA:214,2
DA:215,14
DA:216,0
DA:218,14
DA:219,14
DA:222,2
LF:91
LH:83
BRDA:21,0,0,19
BRDA:21,0,1,19
BRDA:30,1,0,9
BRDA:30,1,1,11
BRDA:35,2,0,11
BRDA:35,2,1,0
BRDA:35,3,0,11
BRDA:35,3,1,11
BRDA:39,4,0,11
BRDA:39,4,1,0
BRDA:39,5,0,11
BRDA:39,5,1,11
BRDA:102,6,0,3
BRDA:106,7,0,6
BRDA:106,7,1,3
BRDA:107,8,0,1
BRDA:112,9,0,6
BRDA:112,9,1,0
BRDA:118,10,0,1
BRDA:131,11,0,0
BRDA:131,11,1,12
BRDA:138,12,0,12
BRDA:138,12,1,0
BRDA:149,13,0,21
BRDA:156,14,0,21
BRDA:174,15,0,0
BRDA:178,16,0,10
BRDA:189,17,0,0
BRDA:201,18,0,12
BRDA:201,19,0,10
BRDA:201,19,1,4
BRDA:201,20,0,14
BRDA:201,20,1,14
BRDA:202,21,0,10
BRDA:202,21,1,2
BRDA:202,22,0,12
BRDA:202,22,1,12
BRDA:204,23,0,0
BRDA:204,24,0,10
BRDA:204,24,1,4
BRDA:204,25,0,14
BRDA:204,25,1,14
BRDA:205,26,0,0
BRDA:205,26,1,0
BRDA:205,27,0,0
BRDA:205,27,1,0
BRDA:215,28,0,0
BRDA:215,29,0,11
BRDA:215,29,1,3
BRDA:215,30,0,14
BRDA:215,30,1,14
BRDA:216,31,0,0
BRDA:216,31,1,0
BRDA:216,32,0,0
BRDA:216,32,1,0
BRDA:218,33,0,14
BRDA:218,34,0,11
BRDA:218,34,1,3
BRDA:218,35,0,14
BRDA:218,35,1,14
BRDA:219,36,0,11
BRDA:219,36,1,3
BRDA:219,37,0,14
BRDA:219,37,1,14
BRF:64
BRH:47
end_of_record
TN:
SF:src/utils/pii-remover.ts
FN:29,(anonymous_0)
FN:43,(anonymous_1)
FN:51,(anonymous_2)
FN:62,stripPIIFromString
FNF:4
FNH:4
FNDA:1003,(anonymous_0)
FNDA:999,(anonymous_1)
FNDA:997,(anonymous_2)
FNDA:1003,stripPIIFromString
DA:1,6
DA:3,6
DA:4,6
DA:5,6
DA:8,6
DA:11,6
DA:14,6
DA:18,6
DA:22,6
DA:25,6
DA:26,6
DA:27,6
DA:29,6
DA:30,1003
DA:37,4
DA:39,999
DA:43,6
DA:44,999
DA:45,2
DA:47,997
DA:51,6
DA:52,997
DA:56,2
DA:58,995
DA:62,6
DA:63,1003
DA:64,1003
DA:68,1003
DA:72,1003
DA:74,1003
DA:75,4
DA:76,4
DA:77,4
DA:78,4
DA:79,4
DA:80,4
DA:81,999
DA:82,2
DA:83,2
DA:84,997
DA:85,2
DA:86,2
DA:90,2
DA:96,1003
LF:44
LH:44
BRDA:30,0,0,4
BRDA:30,0,1,999
BRDA:31,1,0,1003
BRDA:31,1,1,1002
BRDA:31,1,2,1001
BRDA:31,1,3,1000
BRDA:31,1,4,999
BRDA:44,2,0,2
BRDA:44,2,1,997
BRDA:52,3,0,2
BRDA:52,3,1,995
BRDA:53,4,0,997
BRDA:53,4,1,996
BRDA:74,5,0,4
BRDA:74,5,1,999
BRDA:81,6,0,2
BRDA:81,6,1,997
BRDA:84,7,0,2
BRF:18
BRH:18
end_of_record
TN:
SF:src/utils/validateParameter.ts
FN:7,validateParameter
FNF:1
FNH:1
FNDA:1003,validateParameter
DA:5,6
DA:7,6
DA:8,1003
DA:9,1003
DA:10,1003
DA:12,1003
DA:13,1
DA:14,1002
DA:15,1
DA:17,1003
DA:18,1003
LF:11
LH:11
BRDA:8,0,0,1003
BRDA:8,0,1,92
BRDA:12,1,0,1
BRDA:12,1,1,1002
BRDA:14,2,0,1
BRF:5
BRH:5
end_of_record
